<?xml version="1.0" encoding="UTF-8" ?>
<testsuite errors="0" failures="0" hostname="Lennard" name="hr.fer.zemris.java.tecaj.hw3.ComplexNumberTest" skipped="0" tests="21" time="0.028" timestamp="2015-04-01T16:53:26">
  <properties>
[...]
</properties>
  <testcase classname="hr.fer.zemris.java.tecaj.hw3.ComplexNumberTest" name="checkParsingEmptyString" time="0.004" />
  <testcase classname="hr.fer.zemris.java.tecaj.hw3.ComplexNumberTest" name="checkNonPositiveDegreeOfPower" time="0.001" />
  <testcase classname="hr.fer.zemris.java.tecaj.hw3.ComplexNumberTest" name="tryPassTwoRealPartsToParser" time="0.001" />
  <testcase classname="hr.fer.zemris.java.tecaj.hw3.ComplexNumberTest" name="checkAngle" time="0.0" />
  <testcase classname="hr.fer.zemris.java.tecaj.hw3.ComplexNumberTest" name="checkPower" time="0.0" />
  <testcase classname="hr.fer.zemris.java.tecaj.hw3.ComplexNumberTest" name="checkRoots" time="0.001" />
  <testcase classname="hr.fer.zemris.java.tecaj.hw3.ComplexNumberTest" name="checkFactoryFromImaginary" time="0.0" />
  <testcase classname="hr.fer.zemris.java.tecaj.hw3.ComplexNumberTest" name="checkMagnitude" time="0.0" />
  <testcase classname="hr.fer.zemris.java.tecaj.hw3.ComplexNumberTest" name="checkToString" time="0.001" />
  <testcase classname="hr.fer.zemris.java.tecaj.hw3.ComplexNumberTest" name="checkParser" time="0.0" />
  <testcase classname="hr.fer.zemris.java.tecaj.hw3.ComplexNumberTest" name="tryPassTwoImaginaryPartsToParser" time="0.0" />
  <testcase classname="hr.fer.zemris.java.tecaj.hw3.ComplexNumberTest" name="checkFactoryFromReal" time="0.001" />
  <testcase classname="hr.fer.zemris.java.tecaj.hw3.ComplexNumberTest" name="checkNegativeDegreeOfRoot" time="0.001" />
  <testcase classname="hr.fer.zemris.java.tecaj.hw3.ComplexNumberTest" name="checkImaginaryPart" time="0.0" />
  <testcase classname="hr.fer.zemris.java.tecaj.hw3.ComplexNumberTest" name="checkDivisionByZero" time="0.0" />
  <testcase classname="hr.fer.zemris.java.tecaj.hw3.ComplexNumberTest" name="checkFactoryFromMagnitudeAndAngle" time="0.0" />
  <testcase classname="hr.fer.zemris.java.tecaj.hw3.ComplexNumberTest" name="checkAdd" time="0.0" />
  <testcase classname="hr.fer.zemris.java.tecaj.hw3.ComplexNumberTest" name="checkDiv" time="0.001" />
  <testcase classname="hr.fer.zemris.java.tecaj.hw3.ComplexNumberTest" name="checkMul" time="0.0" />
  <testcase classname="hr.fer.zemris.java.tecaj.hw3.ComplexNumberTest" name="checkSub" time="0.0" />
  <testcase classname="hr.fer.zemris.java.tecaj.hw3.ComplexNumberTest" name="checkRealPart" time="0.0" />
  <system-out><![CDATA[]]></system-out>
  <system-err><![CDATA[]]></system-err>
</testsuite>
